<?xml version="1.0" encoding="UTF-8"?>
<!-- Generated by org.testng.reporters.JUnitReportReporter -->
<testsuite skipped="0" hostname="LAPTOP-2UEFUCRO" name="testCases.LoginPageTest" tests="1" failures="0" timestamp="2021-02-18T20:11:00 CST" time="21.146" errors="0">
  <testcase name="LoginTest" time="21.146" classname="testCases.LoginPageTest"/>
  <system-out/>
</testsuite> <!-- testCases.LoginPageTest -->
