<?xml version="1.0" encoding="UTF-8"?>
<!-- Generated by org.testng.reporters.JUnitReportReporter -->
<testsuite skipped="0" hostname="LAPTOP-2UEFUCRO" name="testCases.PUT_Or_Update_A_Product" tests="1" failures="0" timestamp="10 Mar 2021 17:10:01 GMT" time="4.043" errors="0">
  <testcase name="update_A_Products" time="4.043" classname="testCases.PUT_Or_Update_A_Product"/>
</testsuite> <!-- testCases.PUT_Or_Update_A_Product -->
