<?xml version="1.0" encoding="UTF-8"?>
<!-- Generated by org.testng.reporters.JUnitReportReporter -->
<testsuite skipped="0" hostname="LAPTOP-2UEFUCRO" name="testCases.GET_Or_Read_A_Product" tests="1" failures="0" timestamp="28 Feb 2021 15:46:06 GMT" time="3.406" errors="0">
  <testcase name="read_A_Products" time="3.406" classname="testCases.GET_Or_Read_A_Product"/>
</testsuite> <!-- testCases.GET_Or_Read_A_Product -->
