<?xml version="1.0" encoding="UTF-8"?>
<!-- Generated by org.testng.reporters.JUnitReportReporter -->
<testsuite skipped="0" hostname="LAPTOP-2UEFUCRO" name="testCases.Post_Or_Create_A_Product" tests="1" failures="0" timestamp="27 Feb 2021 19:44:32 GMT" time="3.569" errors="0">
  <testcase name="create_A_Products" time="3.569" classname="testCases.Post_Or_Create_A_Product"/>
</testsuite> <!-- testCases.Post_Or_Create_A_Product -->
