<?xml version="1.0" encoding="UTF-8"?>
<!-- Generated by org.testng.reporters.JUnitReportReporter -->
<testsuite skipped="0" hostname="LAPTOP-2UEFUCRO" name="testCases.GET_Or_Read_All_Products" tests="1" failures="0" timestamp="27 Feb 2021 18:06:24 GMT" time="3.622" errors="0">
  <testcase name="read_All_Products" time="3.622" classname="testCases.GET_Or_Read_All_Products"/>
</testsuite> <!-- testCases.GET_Or_Read_All_Products -->
