<?xml version="1.0" encoding="UTF-8"?>
<!-- Generated by org.testng.reporters.JUnitReportReporter -->
<testsuite skipped="0" hostname="LAPTOP-2UEFUCRO" name="testCases.LoginPageTest" tests="1" failures="0" timestamp="10 Mar 2021 01:22:56 GMT" time="22.487" errors="0">
  <testcase name="LoginTest" time="22.487" classname="testCases.LoginPageTest"/>
</testsuite> <!-- testCases.LoginPageTest -->
