<?xml version="1.0" encoding="UTF-8"?>
<!-- Generated by org.testng.reporters.JUnitReportReporter -->
<testsuite skipped="0" hostname="LAPTOP-2UEFUCRO" name="test.LoginTest" tests="1" failures="0" timestamp="2021-02-23T17:41:17 CST" time="9.683" errors="0">
  <testcase name="ValidUserShoulbeAbleToLogin" time="9.683" classname="test.LoginTest"/>
  <system-out/>
</testsuite> <!-- test.LoginTest -->
