<?xml version="1.0" encoding="UTF-8"?>
<!-- Generated by org.testng.reporters.JUnitReportReporter -->
<testsuite skipped="0" hostname="LAPTOP-2UEFUCRO" name="test.AddCustomerTest" tests="1" failures="0" timestamp="2021-02-23T17:42:33 CST" time="11.362" errors="0">
  <testcase name="validUserShouldBeAbleToCreateCustomer" time="11.362" classname="test.AddCustomerTest"/>
  <system-out/>
</testsuite> <!-- test.AddCustomerTest -->
